---------------------------------
Loss:  mean_squared_error
Optimizer:  <keras.optimizers.Adam object at 0x0000024003FBB780>
Metrics:  ['accuracy', 'mean_squared_error']
Padding is 'same' in every layer
---------------------------------
---------------------------------
Model: "model_1"
__________________________________________________________________________________________________
Layer (type)                    Output Shape         Param #     Connected to                     
==================================================================================================
input_1 (InputLayer)            (None, None, 64, 64, 0                                            
__________________________________________________________________________________________________
conv_lst_m2d_1 (ConvLSTM2D)     (None, None, 64, 64, 38144       input_1[0][0]                    
__________________________________________________________________________________________________
batch_normalization_1 (BatchNor (None, None, 64, 64, 128         conv_lst_m2d_1[0][0]             
__________________________________________________________________________________________________
time_distributed_1 (TimeDistrib (None, None, 32, 32, 0           batch_normalization_1[0][0]      
__________________________________________________________________________________________________
conv_lst_m2d_2 (ConvLSTM2D)     (None, None, 32, 32, 221440      time_distributed_1[0][0]         
__________________________________________________________________________________________________
batch_normalization_2 (BatchNor (None, None, 32, 32, 256         conv_lst_m2d_2[0][0]             
__________________________________________________________________________________________________
time_distributed_2 (TimeDistrib (None, None, 16, 16, 0           batch_normalization_2[0][0]      
__________________________________________________________________________________________________
conv_lst_m2d_3 (ConvLSTM2D)     (None, None, 16, 16, 885248      time_distributed_2[0][0]         
__________________________________________________________________________________________________
batch_normalization_3 (BatchNor (None, None, 16, 16, 512         conv_lst_m2d_3[0][0]             
__________________________________________________________________________________________________
time_distributed_3 (TimeDistrib (None, None, 8, 8, 1 0           batch_normalization_3[0][0]      
__________________________________________________________________________________________________
conv_lst_m2d_4 (ConvLSTM2D)     (None, None, 8, 8, 2 3539968     time_distributed_3[0][0]         
__________________________________________________________________________________________________
batch_normalization_4 (BatchNor (None, None, 8, 8, 2 1024        conv_lst_m2d_4[0][0]             
__________________________________________________________________________________________________
time_distributed_4 (TimeDistrib (None, None, 16, 16, 0           batch_normalization_4[0][0]      
__________________________________________________________________________________________________
time_distributed_5 (TimeDistrib (None, None, 16, 16, 131200      time_distributed_4[0][0]         
__________________________________________________________________________________________________
batch_normalization_5 (BatchNor (None, None, 16, 16, 512         time_distributed_5[0][0]         
__________________________________________________________________________________________________
concatenate_1 (Concatenate)     (None, None, 16, 16, 0           batch_normalization_3[0][0]      
                                                                 batch_normalization_5[0][0]      
__________________________________________________________________________________________________
conv_lst_m2d_5 (ConvLSTM2D)     (None, None, 16, 16, 1769984     concatenate_1[0][0]              
__________________________________________________________________________________________________
batch_normalization_6 (BatchNor (None, None, 16, 16, 512         conv_lst_m2d_5[0][0]             
__________________________________________________________________________________________________
time_distributed_6 (TimeDistrib (None, None, 32, 32, 0           batch_normalization_6[0][0]      
__________________________________________________________________________________________________
time_distributed_7 (TimeDistrib (None, None, 32, 32, 32832       time_distributed_6[0][0]         
__________________________________________________________________________________________________
batch_normalization_7 (BatchNor (None, None, 32, 32, 256         time_distributed_7[0][0]         
__________________________________________________________________________________________________
concatenate_2 (Concatenate)     (None, None, 32, 32, 0           batch_normalization_2[0][0]      
                                                                 batch_normalization_7[0][0]      
__________________________________________________________________________________________________
conv_lst_m2d_6 (ConvLSTM2D)     (None, None, 32, 32, 442624      concatenate_2[0][0]              
__________________________________________________________________________________________________
batch_normalization_8 (BatchNor (None, None, 32, 32, 256         conv_lst_m2d_6[0][0]             
__________________________________________________________________________________________________
time_distributed_8 (TimeDistrib (None, None, 64, 64, 0           batch_normalization_8[0][0]      
__________________________________________________________________________________________________
time_distributed_9 (TimeDistrib (None, None, 64, 64, 8224        time_distributed_8[0][0]         
__________________________________________________________________________________________________
batch_normalization_9 (BatchNor (None, None, 64, 64, 128         time_distributed_9[0][0]         
__________________________________________________________________________________________________
concatenate_3 (Concatenate)     (None, None, 64, 64, 0           batch_normalization_1[0][0]      
                                                                 batch_normalization_9[0][0]      
__________________________________________________________________________________________________
conv_lst_m2d_7 (ConvLSTM2D)     (None, 64, 64, 32)   110720      concatenate_3[0][0]              
__________________________________________________________________________________________________
batch_normalization_10 (BatchNo (None, 64, 64, 32)   128         conv_lst_m2d_7[0][0]             
__________________________________________________________________________________________________
conv2d_4 (Conv2D)               (None, 64, 64, 1)    289         batch_normalization_10[0][0]     
==================================================================================================
Total params: 7,184,385
Trainable params: 7,182,529
Non-trainable params: 1,856
__________________________________________________________________________________________________
---------------------------------
Batch size:  4
Epochs:  1000
---------------------------------
---------------------------------
---------------------------------
Logs from training process will be saved into:  resources\logs_tensorboard\
To see training process: 
 1. Open virtual environment: 'source activate env_nowcasting'
 2. Call: tensorboard --logdir=resources\logs_tensorboard\ (with absolute path)
---------------------------------
