---------------------------------
Loss:  mean_squared_error
Optimizer:  <keras.optimizers.Adam object at 0x0000014A07EAEF60>
Metrics:  ['accuracy', 'mean_squared_error']
Padding is 'same' in every layer
---------------------------------
---------------------------------
Model: "model_2"
__________________________________________________________________________________________________
Layer (type)                    Output Shape         Param #     Connected to                     
==================================================================================================
input_2 (InputLayer)            (None, None, 64, 64, 0                                            
__________________________________________________________________________________________________
conv_lst_m2d_8 (ConvLSTM2D)     (None, None, 64, 64, 38144       input_2[0][0]                    
__________________________________________________________________________________________________
batch_normalization_11 (BatchNo (None, None, 64, 64, 128         conv_lst_m2d_8[0][0]             
__________________________________________________________________________________________________
time_distributed_10 (TimeDistri (None, None, 32, 32, 0           batch_normalization_11[0][0]     
__________________________________________________________________________________________________
conv_lst_m2d_9 (ConvLSTM2D)     (None, None, 32, 32, 221440      time_distributed_10[0][0]        
__________________________________________________________________________________________________
batch_normalization_12 (BatchNo (None, None, 32, 32, 256         conv_lst_m2d_9[0][0]             
__________________________________________________________________________________________________
time_distributed_11 (TimeDistri (None, None, 16, 16, 0           batch_normalization_12[0][0]     
__________________________________________________________________________________________________
conv_lst_m2d_10 (ConvLSTM2D)    (None, None, 16, 16, 885248      time_distributed_11[0][0]        
__________________________________________________________________________________________________
batch_normalization_13 (BatchNo (None, None, 16, 16, 512         conv_lst_m2d_10[0][0]            
__________________________________________________________________________________________________
time_distributed_12 (TimeDistri (None, None, 8, 8, 1 0           batch_normalization_13[0][0]     
__________________________________________________________________________________________________
conv_lst_m2d_11 (ConvLSTM2D)    (None, None, 8, 8, 2 3539968     time_distributed_12[0][0]        
__________________________________________________________________________________________________
batch_normalization_14 (BatchNo (None, None, 8, 8, 2 1024        conv_lst_m2d_11[0][0]            
__________________________________________________________________________________________________
time_distributed_13 (TimeDistri (None, None, 16, 16, 0           batch_normalization_14[0][0]     
__________________________________________________________________________________________________
time_distributed_14 (TimeDistri (None, None, 16, 16, 131200      time_distributed_13[0][0]        
__________________________________________________________________________________________________
batch_normalization_15 (BatchNo (None, None, 16, 16, 512         time_distributed_14[0][0]        
__________________________________________________________________________________________________
concatenate_4 (Concatenate)     (None, None, 16, 16, 0           batch_normalization_13[0][0]     
                                                                 batch_normalization_15[0][0]     
__________________________________________________________________________________________________
conv_lst_m2d_12 (ConvLSTM2D)    (None, None, 16, 16, 1769984     concatenate_4[0][0]              
__________________________________________________________________________________________________
batch_normalization_16 (BatchNo (None, None, 16, 16, 512         conv_lst_m2d_12[0][0]            
__________________________________________________________________________________________________
time_distributed_15 (TimeDistri (None, None, 32, 32, 0           batch_normalization_16[0][0]     
__________________________________________________________________________________________________
time_distributed_16 (TimeDistri (None, None, 32, 32, 32832       time_distributed_15[0][0]        
__________________________________________________________________________________________________
batch_normalization_17 (BatchNo (None, None, 32, 32, 256         time_distributed_16[0][0]        
__________________________________________________________________________________________________
concatenate_5 (Concatenate)     (None, None, 32, 32, 0           batch_normalization_12[0][0]     
                                                                 batch_normalization_17[0][0]     
__________________________________________________________________________________________________
conv_lst_m2d_13 (ConvLSTM2D)    (None, None, 32, 32, 442624      concatenate_5[0][0]              
__________________________________________________________________________________________________
batch_normalization_18 (BatchNo (None, None, 32, 32, 256         conv_lst_m2d_13[0][0]            
__________________________________________________________________________________________________
time_distributed_17 (TimeDistri (None, None, 64, 64, 0           batch_normalization_18[0][0]     
__________________________________________________________________________________________________
time_distributed_18 (TimeDistri (None, None, 64, 64, 8224        time_distributed_17[0][0]        
__________________________________________________________________________________________________
batch_normalization_19 (BatchNo (None, None, 64, 64, 128         time_distributed_18[0][0]        
__________________________________________________________________________________________________
concatenate_6 (Concatenate)     (None, None, 64, 64, 0           batch_normalization_11[0][0]     
                                                                 batch_normalization_19[0][0]     
__________________________________________________________________________________________________
conv_lst_m2d_14 (ConvLSTM2D)    (None, 64, 64, 32)   110720      concatenate_6[0][0]              
__________________________________________________________________________________________________
batch_normalization_20 (BatchNo (None, 64, 64, 32)   128         conv_lst_m2d_14[0][0]            
__________________________________________________________________________________________________
conv2d_8 (Conv2D)               (None, 64, 64, 1)    289         batch_normalization_20[0][0]     
==================================================================================================
Total params: 7,184,385
Trainable params: 7,182,529
Non-trainable params: 1,856
__________________________________________________________________________________________________
---------------------------------
Batch size:  4
Epochs:  1000
---------------------------------
---------------------------------
---------------------------------
Logs from training process will be saved into:  resources\logs_tensorboard\
To see training process: 
 1. Open virtual environment: 'source activate env_nowcasting'
 2. Call: tensorboard --logdir=resources\logs_tensorboard\ (with absolute path)
---------------------------------
